#
# A fatal error has been detected by the Java Runtime Environment:
#
#  EXCEPTION_ACCESS_VIOLATION (0xc0000005) at pc=0x000000007322c750, pid=5840, tid=4036
#
# JRE version: 6.0_17-b04
# Java VM: Java HotSpot(TM) 64-Bit Server VM (14.3-b01 mixed mode windows-amd64 )
# Problematic frame:
# C  0x000000007322c750
#
# If you would like to submit a bug report, please visit:
#   http://java.sun.com/webapps/bugreport/crash.jsp
# The crash happened outside the Java Virtual Machine in native code.
# See problematic frame for where to report the bug.
#

---------------  T H R E A D  ---------------

Current thread (0x000000005d391000):  JavaThread "AWT-EventQueue-0" [_thread_in_native, id=4036, stack(0x000000000f7d0000,0x000000000f850000)]

siginfo: ExceptionCode=0xc0000005, reading address 0x0000000000000008

Registers:
EAX=0x000000000000000d, EBX=0x000000005d3911b8, ECX=0x0000000000000000, EDX=0x000000004c012362
ESP=0x000000000f84db58, EBP=0x000000005d592e30, ESI=0x000000005d3911b8, EDI=0x000000006b04e140
EIP=0x000000007322c750, EFLAGS=0x0000000000010206

Top of Stack: (sp=0x000000000f84db58)
0x000000000f84db58:   00000000731d589c 0000000000000000
0x000000000f84db68:   000000005d3911b8 000000005d592e30
0x000000000f84db78:   000000005d3911b8 000000004612ab84
0x000000000f84db88:   000000005d3911b8 000000004b1a0c40
0x000000000f84db98:   00000000731b3810 000000005d3911b8
0x000000000f84dba8:   000000000f84e278 000000000f84e2f0
0x000000000f84dbb8:   000000005d592e30 00000000ff333333
0x000000000f84dbc8:   00000000731d2151 0000000000000078
0x000000000f84dbd8:   000000000f84e2e8 0000000000000000
0x000000000f84dbe8:   000000000f84e2f0 000000000f84dcb0
0x000000000f84dbf8:   000000005d3911b8 000000006b2add70
0x000000000f84dc08:   00000000ff333333 00000000ff333333
0x000000000f84dc18:   00000000493f4d01 0000000000000078
0x000000000f84dc28:   00000000732bc368 000000007319cd00
0x000000000f84dc38:   00000000493f4e78 000000005d391000
0x000000000f84dc48:   000000000f84dc88 000000004b1a0c40 

Instructions: (pc=0x000000007322c750)
0x000000007322c740:   48 8b 41 08 48 8b 80 18 0c 00 00 c3 cc cc cc cc
0x000000007322c750:   48 8b 49 08 48 85 c9 74 05 e9 72 f6 fd ff 33 c0 


Stack: [0x000000000f7d0000,0x000000000f850000],  sp=0x000000000f84db58,  free space=502k
Native frames: (J=compiled Java code, j=interpreted, Vv=VM code, C=native code)
C  0x000000007322c750

Java frames: (J=compiled Java code, j=interpreted, Vv=VM code)
j  sun.java2d.windows.GDIBlitLoops.nativeBlit(Lsun/java2d/SurfaceData;Lsun/java2d/SurfaceData;Lsun/java2d/pipe/Region;IIIIIIIIIZ)V+0
j  sun.java2d.windows.GDIBlitLoops.Blit(Lsun/java2d/SurfaceData;Lsun/java2d/SurfaceData;Ljava/awt/Composite;Lsun/java2d/pipe/Region;IIIIII)V+33
j  sun.java2d.pipe.DrawImage.blitSurfaceData(Lsun/java2d/SunGraphics2D;Lsun/java2d/pipe/Region;Lsun/java2d/SurfaceData;Lsun/java2d/SurfaceData;Lsun/java2d/loops/SurfaceType;Lsun/java2d/loops/SurfaceType;IIIIIILjava/awt/Color;)V+97
j  sun.java2d.pipe.DrawImage.renderImageCopy(Lsun/java2d/SunGraphics2D;Ljava/awt/Image;Ljava/awt/Color;IIIIII)Z+75
j  sun.java2d.pipe.DrawImage.copyImage(Lsun/java2d/SunGraphics2D;Ljava/awt/Image;IIIIIILjava/awt/Color;)Z+33
j  sun.java2d.pipe.DrawImage.copyImage(Lsun/java2d/SunGraphics2D;Ljava/awt/Image;IIIIIILjava/awt/Color;Ljava/awt/image/ImageObserver;)Z+23
j  sun.java2d.pipe.ValidatePipe.copyImage(Lsun/java2d/SunGraphics2D;Ljava/awt/Image;IIIIIILjava/awt/Color;Ljava/awt/image/ImageObserver;)Z+29
j  sun.java2d.SunGraphics2D.copyImage(Ljava/awt/Image;IIIIIILjava/awt/Color;Ljava/awt/image/ImageObserver;)Z+20
j  sun.java2d.SunGraphics2D.drawImage(Ljava/awt/Image;IIIIIIIILjava/awt/Color;Ljava/awt/image/ImageObserver;)Z+154
J  java.awt.Component$BltBufferStrategy.showSubRegion(IIII)V
j  java.awt.Component$BltSubRegionBufferStrategy.show(IIII)V+6
j  javax.swing.BufferStrategyPaintManager.flushAccumulatedRegion()Z+48
j  javax.swing.BufferStrategyPaintManager.endPaint()V+84
j  javax.swing.RepaintManager.endPaint()V+47
J  javax.swing.JComponent.paint(Ljava/awt/Graphics;)V
j  java.awt.GraphicsCallback$PaintCallback.run(Ljava/awt/Component;Ljava/awt/Graphics;)V+2
j  sun.awt.SunGraphicsCallback.runOneComponent(Ljava/awt/Component;Ljava/awt/Rectangle;Ljava/awt/Graphics;Ljava/awt/Shape;I)V+155
j  sun.awt.SunGraphicsCallback.runComponents([Ljava/awt/Component;Ljava/awt/Graphics;I)V+104
j  java.awt.Container.paint(Ljava/awt/Graphics;)V+73
J  javax.swing.RepaintManager.paintDirtyRegions(Ljava/util/Map;)V
j  javax.swing.RepaintManager.paintDirtyRegions()V+46
j  javax.swing.RepaintManager.seqPaintDirtyRegions()V+73
j  javax.swing.SystemEventQueueUtilities$ComponentWorkRequest.run()V+36
J  java.awt.EventDispatchThread.pumpOneEventForFilters(I)Z
J  java.awt.EventDispatchThread.pumpEventsForFilter(ILjava/awt/Conditional;Ljava/awt/EventFilter;)V
j  java.awt.EventDispatchThread.pumpEventsForHierarchy(ILjava/awt/Conditional;Ljava/awt/Component;)V+11
j  java.awt.EventDispatchThread.pumpEvents(ILjava/awt/Conditional;)V+4
j  java.awt.EventDispatchThread.pumpEvents(Ljava/awt/Conditional;)V+3
j  java.awt.EventDispatchThread.run()V+9
v  ~StubRoutines::call_stub

---------------  P R O C E S S  ---------------

Java Threads: ( => current thread )
  0x000000000f2b9800 JavaThread "Code Analyzer updating thread" [_thread_blocked, id=6204, stack(0x0000000023ea0000,0x0000000023f20000)]
  0x000000000f2b8000 JavaThread "Code Analyzer updating thread" [_thread_blocked, id=6944, stack(0x0000000019030000,0x00000000190b0000)]
  0x000000005de19000 JavaThread "Code Analyzer updating thread" [_thread_blocked, id=4552, stack(0x0000000023c50000,0x0000000023cd0000)]
  0x000000005de14000 JavaThread "Code Analyzer updating thread" [_thread_blocked, id=5928, stack(0x0000000023d90000,0x0000000023e10000)]
  0x000000005de14800 JavaThread "Code Analyzer updating thread" [_thread_blocked, id=5968, stack(0x0000000023ce0000,0x0000000023d60000)]
  0x000000005da06000 JavaThread "Code Analyzer updating thread" [_thread_blocked, id=6744, stack(0x0000000018650000,0x00000000186d0000)]
  0x000000005d9fe000 JavaThread "Code Analyzer updating thread" [_thread_blocked, id=5860, stack(0x0000000023bc0000,0x0000000023c40000)]
  0x000000005da01800 JavaThread "Code Analyzer updating thread" [_thread_blocked, id=3512, stack(0x0000000023af0000,0x0000000023b70000)]
  0x000000005d9ff800 JavaThread "Code Analyzer updating thread" [_thread_blocked, id=4104, stack(0x0000000017d80000,0x0000000017e00000)]
  0x000000005da02000 JavaThread "Explorer NavigationContext request queue" [_thread_in_Java, id=7024, stack(0x00000000179c0000,0x0000000017a40000)]
  0x000000005d9fd000 JavaThread "Foxtrot Multi Worker Thread Runner #2" daemon [_thread_blocked, id=6252, stack(0x0000000016f20000,0x0000000016fa0000)]
  0x000000005da0a000 JavaThread "Foxtrot Single Worker Thread #1" daemon [_thread_blocked, id=5588, stack(0x0000000016a00000,0x0000000016a80000)]
  0x000000005de19800 JavaThread "pool-7-thread-1" [_thread_blocked, id=2484, stack(0x000000005ec20000,0x000000005eca0000)]
  0x000000005de1a800 JavaThread "Timer-109" [_thread_blocked, id=3908, stack(0x000000005f400000,0x000000005f480000)]
  0x000000005de15000 JavaThread "Swing-Shell" daemon [_thread_blocked, id=1496, stack(0x0000000025580000,0x0000000025600000)]
  0x000000005de16000 JavaThread "pool-1-thread-1" [_thread_blocked, id=2408, stack(0x00000000295c0000,0x0000000029640000)]
  0x000000005de17800 JavaThread "Prefs Updater" daemon [_thread_blocked, id=636, stack(0x00000000317e0000,0x0000000031860000)]
  0x000000005da05000 JavaThread "Active Reference Queue Daemon" daemon [_thread_blocked, id=4608, stack(0x0000000039bb0000,0x0000000039c30000)]
  0x000000005da03800 JavaThread "Timer-5" daemon [_thread_blocked, id=5548, stack(0x00000000318e0000,0x0000000031960000)]
  0x000000005da04800 JavaThread "Timer-4" daemon [_thread_blocked, id=6688, stack(0x0000000031860000,0x00000000318e0000)]
  0x000000005da00800 JavaThread "AddressBar directory emptiness poller" [_thread_blocked, id=5884, stack(0x000000002d700000,0x000000002d780000)]
  0x000000005da00000 JavaThread "Explorer Refresh Service 1239815554" [_thread_blocked, id=2784, stack(0x00000000213a0000,0x0000000021420000)]
  0x000000005d9fe800 JavaThread "Timer-1" daemon [_thread_blocked, id=6816, stack(0x0000000014f50000,0x0000000014fd0000)]
  0x000000005d9fb800 JavaThread "TimerQueue" daemon [_thread_blocked, id=6568, stack(0x000000000f9b0000,0x000000000fa30000)]
  0x000000005d9fb000 JavaThread "Thread-5" daemon [_thread_blocked, id=4568, stack(0x000000000e5e0000,0x000000000e660000)]
=>0x000000005d391000 JavaThread "AWT-EventQueue-0" [_thread_in_native, id=4036, stack(0x000000000f7d0000,0x000000000f850000)]
  0x000000005da80000 JavaThread "AWT-Shutdown" [_thread_blocked, id=5288, stack(0x000000000f330000,0x000000000f3b0000)]
  0x000000005d4e0800 JavaThread "FelixPackageAdmin" daemon [_thread_blocked, id=6096, stack(0x000000000f880000,0x000000000f900000)]
  0x000000000eaa8000 JavaThread "FelixStartLevel" daemon [_thread_blocked, id=6756, stack(0x000000000e3f0000,0x000000000e470000)]
  0x000000005d537000 JavaThread "FelixDispatchQueue" daemon [_thread_blocked, id=1664, stack(0x000000000f440000,0x000000000f4c0000)]
  0x000000005d495000 JavaThread "com.google.common.base.internal.Finalizer" daemon [_thread_blocked, id=452, stack(0x000000000f720000,0x000000000f7a0000)]
  0x000000000e7b0800 JavaThread "AWT-Windows" daemon [_thread_in_native, id=2112, stack(0x000000000f5a0000,0x000000000f620000)]
  0x000000000e3e6000 JavaThread "Java2D Disposer" daemon [_thread_blocked, id=1380, stack(0x000000000d020000,0x000000000d0a0000)]
  0x000000005d1ed800 JavaThread "Timer-0" [_thread_blocked, id=3920, stack(0x000000000f3c0000,0x000000000f440000)]
  0x000000000f1f3800 JavaThread "EventMgr Dispatcher" daemon [_thread_in_native, id=6208, stack(0x00000000089a0000,0x000000000c9a0000)]
  0x000000000e301000 JavaThread "Low Memory Detector" daemon [_thread_blocked, id=6760, stack(0x000000000e680000,0x000000000e700000)]
  0x000000000e2ff800 JavaThread "CompilerThread1" daemon [_thread_blocked, id=4400, stack(0x00000000903d0000,0x00000000943d0000)]
  0x000000000e2f4000 JavaThread "CompilerThread0" daemon [_thread_blocked, id=5972, stack(0x000000008c270000,0x0000000090270000)]
  0x000000000e2f3000 JavaThread "Attach Listener" daemon [_thread_blocked, id=500, stack(0x000000000e540000,0x000000000e5c0000)]
  0x000000000e29e800 JavaThread "Finalizer" daemon [_thread_blocked, id=6844, stack(0x000000000d1f0000,0x000000000d270000)]
  0x000000000e298800 JavaThread "Reference Handler" daemon [_thread_blocked, id=4440, stack(0x000000000e470000,0x000000000e4f0000)]
  0x0000000005d87800 JavaThread "main" [_thread_in_native, id=5456, stack(0x0000000000070000,0x0000000004070000)]

Other Threads:
  0x000000000e295800 VMThread [stack: 0x00000000881c0000,0x000000008c1c0000] [id=5444]
  0x000000000e306800 WatcherThread [stack: 0x0000000094410000,0x0000000098410000] [id=4068]

VM state:not at safepoint (normal execution)

VM Mutex/Monitor currently owned by a thread: None

Heap
 PSYoungGen      total 48128K, used 12008K [0x000000005a080000, 0x000000005d050000, 0x000000005d180000)
  eden space 47936K, 24% used [0x000000005a080000,0x000000005ac1a058,0x000000005cf50000)
  from space 192K, 66% used [0x000000005cf80000,0x000000005cfa0000,0x000000005cfb0000)
  to   space 192K, 0% used [0x000000005cf50000,0x000000005cf50000,0x000000005cf80000)
 PSOldGen        total 144448K, used 124775K [0x0000000050d80000, 0x0000000059a90000, 0x000000005a080000)
  object space 144448K, 86% used [0x0000000050d80000,0x0000000058759f90,0x0000000059a90000)
 PSPermGen       total 89472K, used 71769K [0x0000000048d80000, 0x000000004e4e0000, 0x0000000050d80000)
  object space 89472K, 80% used [0x0000000048d80000,0x000000004d396638,0x000000004e4e0000)

Dynamic libraries:
0x000000013f3e0000 - 0x000000013f40d000 	C:\Program Files\MATLAB\R2012b\bin\win64\MATLAB.exe
0x0000000077530000 - 0x00000000776d9000 	C:\Windows\SYSTEM32\ntdll.dll
0x0000000077310000 - 0x000000007742f000 	C:\Windows\system32\kernel32.dll
0x000007fefd6a0000 - 0x000007fefd70c000 	C:\Windows\system32\KERNELBASE.dll
0x0000000074460000 - 0x000000007451f000 	C:\Program Files\MATLAB\R2012b\bin\win64\libut.dll
0x00000000758a0000 - 0x000000007595c000 	C:\Program Files\MATLAB\R2012b\bin\win64\libmwi18n.dll
0x0000000180000000 - 0x000000018000b000 	C:\Program Files\MATLAB\R2012b\bin\win64\libmwresource_core.dll
0x0000000072e20000 - 0x0000000072ef3000 	C:\Windows\WinSxS\amd64_microsoft.vc90.crt_1fc8b3b9a1e18e3b_9.0.30729.6161_none_08e61857a83bc251\MSVCP90.dll
0x0000000072d70000 - 0x0000000072e13000 	C:\Windows\WinSxS\amd64_microsoft.vc90.crt_1fc8b3b9a1e18e3b_9.0.30729.6161_none_08e61857a83bc251\MSVCR90.dll
0x000000007a170000 - 0x000000007a19c000 	C:\Program Files\MATLAB\R2012b\bin\win64\boost_filesystem-vc90-mt-1_44.dll
0x000000007a560000 - 0x000000007a569000 	C:\Program Files\MATLAB\R2012b\bin\win64\boost_system-vc90-mt-1_44.dll
0x000007feff070000 - 0x000007feff14b000 	C:\Windows\system32\ADVAPI32.dll
0x000007fefd720000 - 0x000007fefd7bf000 	C:\Windows\system32\msvcrt.dll
0x000007fefd7c0000 - 0x000007fefd7df000 	C:\Windows\SYSTEM32\sechost.dll
0x000007fefee90000 - 0x000007fefefbd000 	C:\Windows\system32\RPCRT4.dll
0x000000007a010000 - 0x000000007a035000 	C:\Program Files\MATLAB\R2012b\bin\win64\LIBEXPAT.dll
0x00000000619f0000 - 0x0000000061be1000 	C:\Program Files\MATLAB\R2012b\bin\win64\icuin44.dll
0x0000000061870000 - 0x00000000619e1000 	C:\Program Files\MATLAB\R2012b\bin\win64\icuuc44.dll
0x0000000010000000 - 0x0000000010e41000 	C:\Program Files\MATLAB\R2012b\bin\win64\icudt44.dll
0x0000000073f70000 - 0x000000007411d000 	C:\Program Files\MATLAB\R2012b\bin\win64\libmwfl.dll
0x00000000042e0000 - 0x0000000004696000 	C:\Program Files\MATLAB\R2012b\bin\win64\libmwMATLAB_res.dll
0x000000007a3b0000 - 0x000000007a3c0000 	C:\Program Files\MATLAB\R2012b\bin\win64\boost_date_time-vc90-mt-1_44.dll
0x000000007a250000 - 0x000000007a263000 	C:\Program Files\MATLAB\R2012b\bin\win64\boost_signals-vc90-mt-1_44.dll
0x000000007a2d0000 - 0x000000007a2e2000 	C:\Program Files\MATLAB\R2012b\bin\win64\boost_thread-vc90-mt-1_44.dll
0x00000000046a0000 - 0x000000000475d000 	C:\Program Files\MATLAB\R2012b\bin\win64\boost_log-vc90-mt-1_44.dll
0x00000000776f0000 - 0x00000000776f7000 	C:\Windows\system32\PSAPI.DLL
0x000007feff590000 - 0x000007feff5dd000 	C:\Windows\system32\WS2_32.dll
0x000007fefd9c0000 - 0x000007fefd9c8000 	C:\Windows\system32\NSI.dll
0x0000000004760000 - 0x00000000047a6000 	C:\Program Files\MATLAB\R2012b\bin\win64\tbb.dll
0x000007feff740000 - 0x000007feff759000 	C:\Windows\system32\imagehlp.dll
0x0000000072c10000 - 0x0000000072c23000 	C:\Program Files\MATLAB\R2012b\bin\win64\icuio44.dll
0x000007fef5b50000 - 0x000007fef5c75000 	C:\Windows\system32\dbghelp.dll
0x0000000077430000 - 0x000000007752a000 	C:\Windows\system32\USER32.dll
0x000007fefdc00000 - 0x000007fefdc67000 	C:\Windows\system32\GDI32.dll
0x000007feff580000 - 0x000007feff58e000 	C:\Windows\system32\LPK.dll
0x000007fefedc0000 - 0x000007fefee89000 	C:\Windows\system32\USP10.dll
0x00000000047b0000 - 0x0000000004a8c000 	C:\Program Files\MATLAB\R2012b\bin\win64\libmwservices.dll
0x0000000075a20000 - 0x0000000075af3000 	C:\Program Files\MATLAB\R2012b\bin\win64\libmx.dll
0x0000000004a90000 - 0x0000000004ab9000 	C:\Program Files\MATLAB\R2012b\bin\win64\tbbmalloc.dll
0x000000007a210000 - 0x000000007a228000 	C:\Program Files\MATLAB\R2012b\bin\win64\zlib1.dll
0x0000000004ae0000 - 0x0000000004b2d000 	C:\Program Files\MATLAB\R2012b\bin\win64\libmwregexp.dll
0x0000000004b40000 - 0x0000000004b63000 	C:\Program Files\MATLAB\R2012b\bin\win64\libmwmfl_scalar.dll
0x0000000075f10000 - 0x0000000075f60000 	C:\Program Files\MATLAB\R2012b\bin\win64\mpath.dll
0x000000007b680000 - 0x000000007bc9a000 	C:\Program Files\MATLAB\R2012b\bin\win64\mlutil.dll
0x00000000754d0000 - 0x0000000075551000 	C:\Program Files\MATLAB\R2012b\bin\win64\xmlcore.dll
0x0000000004bb0000 - 0x0000000004e03000 	C:\Program Files\MATLAB\R2012b\bin\win64\xerces-c_2_7.dll
0x0000000004e20000 - 0x0000000004e40000 	C:\Program Files\MATLAB\R2012b\bin\win64\libmwMATLAB_settings_res.dll
0x0000000004e50000 - 0x0000000004e60000 	C:\Program Files\MATLAB\R2012b\bin\win64\boost_iostreams-vc90-mt-1_44.dll
0x0000000004e70000 - 0x0000000004eb7000 	C:\Program Files\MATLAB\R2012b\bin\win64\boost_serialization-vc90-mt-1_44.dll
0x000007fefde20000 - 0x000007fefeba8000 	C:\Windows\system32\SHELL32.dll
0x000007fefeff0000 - 0x000007feff061000 	C:\Windows\system32\SHLWAPI.dll
0x000007fef1190000 - 0x000007fef1230000 	C:\Windows\WinSxS\amd64_microsoft.windows.common-controls_6595b64144ccf1df_5.82.7601.18201_none_a4d3b9377117c3df\COMCTL32.dll
0x000007feff150000 - 0x000007feff1e7000 	C:\Windows\system32\COMDLG32.dll
0x000007fefb3a0000 - 0x000007fefb3b6000 	C:\Windows\system32\NETAPI32.dll
0x000007fefb390000 - 0x000007fefb39c000 	C:\Windows\system32\netutils.dll
0x000007fefce20000 - 0x000007fefce43000 	C:\Windows\system32\srvcli.dll
0x000007fefb370000 - 0x000007fefb385000 	C:\Windows\system32\wkscli.dll
0x000007fefebb0000 - 0x000007fefedb3000 	C:\Windows\system32\ole32.dll
0x000007feff4a0000 - 0x000007feff577000 	C:\Windows\system32\OLEAUT32.dll
0x0000000074970000 - 0x0000000074a31000 	C:\Program Files\MATLAB\R2012b\bin\win64\mcr.dll
0x0000000075000000 - 0x00000000753e9000 	C:\Program Files\MATLAB\R2012b\bin\win64\iqm.dll
0x0000000074e80000 - 0x0000000074f38000 	C:\Program Files\MATLAB\R2012b\bin\win64\m_dispatcher.dll
0x0000000074880000 - 0x000000007496d000 	C:\Program Files\MATLAB\R2012b\bin\win64\boost_regex-vc90-mt-1_44.dll
0x000007fee1660000 - 0x000007fee1ed1000 	C:\Program Files\MATLAB\R2012b\bin\win64\m_interpreter.dll
0x0000000072be0000 - 0x0000000072c07000 	C:\Program Files\MATLAB\R2012b\bin\win64\libmex.dll
0x0000000072b10000 - 0x0000000072b94000 	C:\Program Files\MATLAB\R2012b\bin\win64\profiler.dll
0x0000000004f40000 - 0x00000000051aa000 	C:\Program Files\MATLAB\R2012b\bin\win64\libmwmathutil.dll
0x0000000079f40000 - 0x0000000079f6e000 	C:\Program Files\MATLAB\R2012b\bin\win64\libmwmathrng.dll
0x00000000051d0000 - 0x00000000051e2000 	C:\Program Files\MATLAB\R2012b\bin\win64\libmwmfl_rng.dll
0x0000000074c10000 - 0x0000000074cee000 	C:\Program Files\MATLAB\R2012b\bin\win64\libmwmathcore.dll
0x0000000076160000 - 0x00000000761ca000 	C:\Program Files\MATLAB\R2012b\bin\win64\libmwspmatrix.dll
0x0000000075ea0000 - 0x0000000075f02000 	C:\Program Files\MATLAB\R2012b\bin\win64\libmwcholmod.dll
0x000000007a460000 - 0x000000007a46d000 	C:\Program Files\MATLAB\R2012b\bin\win64\libmwamd.dll
0x000000007a4b0000 - 0x000000007a4bc000 	C:\Program Files\MATLAB\R2012b\bin\win64\libmwcolamd.dll
0x000000007a290000 - 0x000000007a2a9000 	C:\Program Files\MATLAB\R2012b\bin\win64\libmwblas.dll
0x000000007a310000 - 0x000000007a321000 	C:\Program Files\MATLAB\R2012b\bin\win64\libmwbinder.dll
0x000000007a4d0000 - 0x000000007a4dc000 	C:\Program Files\MATLAB\R2012b\bin\win64\libmwompwrapper.dll
0x0000000005280000 - 0x0000000005305000 	C:\Program Files\MATLAB\R2012b\bin\win64\libmwlapack.dll
0x0000000072ae0000 - 0x0000000072b01000 	C:\Program Files\MATLAB\R2012b\bin\win64\m_pcodeio.dll
0x0000000079b10000 - 0x0000000079b77000 	C:\Program Files\MATLAB\R2012b\bin\win64\m_ir.dll
0x0000000060da0000 - 0x0000000061410000 	C:\Program Files\MATLAB\R2012b\bin\win64\m_parser.dll
0x0000000072bc0000 - 0x0000000072bda000 	C:\Program Files\MATLAB\R2012b\bin\win64\ir_xfmr.dll
0x000007fefa5e0000 - 0x000007fefa876000 	C:\Program Files\MATLAB\R2012b\bin\win64\mcos.dll
0x000000006d260000 - 0x000000006d271000 	C:\Program Files\MATLAB\R2012b\bin\win64\mtok.dll
0x0000000065890000 - 0x00000000658c1000 	C:\Program Files\MATLAB\R2012b\bin\win64\m_pcodegen.dll
0x0000000079fb0000 - 0x0000000079fe6000 	C:\Program Files\MATLAB\R2012b\bin\win64\libmwbridge.dll
0x00000000657c0000 - 0x0000000065888000 	C:\Program Files\MATLAB\R2012b\bin\win64\udd.dll
0x00000000620f0000 - 0x0000000062242000 	C:\Program Files\MATLAB\R2012b\bin\win64\libmwgui.dll
0x00000000657a0000 - 0x00000000657b7000 	C:\Program Files\MATLAB\R2012b\bin\win64\graphics_util.dll
0x000000005f7b0000 - 0x000000006020f000 	C:\Program Files\MATLAB\R2012b\bin\win64\hg.dll
0x00000000053e0000 - 0x0000000005448000 	C:\Program Files\MATLAB\R2012b\bin\win64\libmat.dll
0x0000000005460000 - 0x0000000005674000 	C:\Program Files\MATLAB\R2012b\bin\win64\hdf5dll.dll
0x0000000075710000 - 0x00000000757de000 	C:\Program Files\MATLAB\R2012b\bin\win64\jmi.dll
0x00000000056a0000 - 0x00000000056ad000 	C:\Program Files\MATLAB\R2012b\bin\win64\nativejava_services.dll
0x0000000061820000 - 0x0000000061866000 	C:\Program Files\MATLAB\R2012b\bin\win64\libmwhardcopy.dll
0x00000000617b0000 - 0x0000000061813000 	C:\Program Files\MATLAB\R2012b\bin\win64\libuij.dll
0x0000000060b30000 - 0x0000000060d94000 	C:\Program Files\MATLAB\R2012b\bin\win64\hgdatatypes.dll
0x0000000060a10000 - 0x0000000060b2f000 	C:\Program Files\MATLAB\R2012b\bin\win64\hgutils.dll
0x0000000060950000 - 0x0000000060a10000 	C:\Program Files\MATLAB\R2012b\bin\win64\udd_mi.dll
0x0000000005710000 - 0x000000000574b000 	C:\Program Files\MATLAB\R2012b\bin\win64\libmwgbtutils.dll
0x0000000005760000 - 0x000000000577b000 	C:\Program Files\MATLAB\R2012b\bin\win64\libmwgbt.dll
0x0000000005790000 - 0x0000000005a61000 	C:\Program Files\MATLAB\R2012b\bin\win64\uiw.dll
0x000000006ab70000 - 0x000000006ab7f000 	C:\Program Files\MATLAB\R2012b\bin\win64\uinone.dll
0x0000000005a90000 - 0x0000000005ab9000 	C:\Program Files\MATLAB\R2012b\bin\win64\libmwnativefiledialogs.dll
0x0000000005ad0000 - 0x0000000005ad8000 	C:\Program Files\MATLAB\R2012b\bin\win64\libmwplatform_res.dll
0x000007fef82e0000 - 0x000007fef82f8000 	C:\Windows\system32\MPR.dll
0x0000000060460000 - 0x0000000060944000 	C:\Windows\WinSxS\amd64_microsoft.vc90.mfc_1fc8b3b9a1e18e3b_9.0.30729.6161_none_044aad0bab1eb146\mfc90.dll
0x000007fef8460000 - 0x000007fef8467000 	C:\Windows\system32\MSIMG32.dll
0x000007fef81d0000 - 0x000007fef8241000 	C:\Windows\system32\WINSPOOL.DRV
0x0000000060430000 - 0x0000000060452000 	C:\Program Files\MATLAB\R2012b\bin\win64\mwoles05.DLL
0x00000000603b0000 - 0x000000006042d000 	C:\Program Files\MATLAB\R2012b\bin\win64\comcli.dll
0x0000000005b10000 - 0x0000000005b3f000 	C:\Windows\WinSxS\amd64_microsoft.vc90.atl_1fc8b3b9a1e18e3b_9.0.30729.6161_none_0a1fd3a3a768b895\ATL90.DLL
0x000000006a450000 - 0x000000006a45c000 	C:\Program Files\MATLAB\R2012b\bin\win64\mlautoregister.dll
0x000007fefefc0000 - 0x000007fefefee000 	C:\Windows\system32\IMM32.DLL
0x000007fefdc70000 - 0x000007fefdd79000 	C:\Windows\system32\MSCTF.dll
0x000007fefbba0000 - 0x000007fefbbf6000 	C:\Windows\system32\UxTheme.dll
0x000007fefb770000 - 0x000007fefb788000 	C:\Windows\system32\dwmapi.dll
0x0000000065730000 - 0x000000006573d000 	C:\Windows\WinSxS\amd64_microsoft.vc90.mfcloc_1fc8b3b9a1e18e3b_9.0.30729.6161_none_01c9581e60cbee58\MFC90ENU.DLL
0x000007fefd360000 - 0x000007fefd36f000 	C:\Windows\system32\profapi.dll
0x0000000005e40000 - 0x0000000005e4f000 	C:\Program Files\MATLAB\R2012b\bin\win64\xmlxrcsc.dll
0x000007fefd200000 - 0x000007fefd20f000 	C:\Windows\system32\CRYPTBASE.dll
0x000007fefbf30000 - 0x000007fefc124000 	C:\Windows\WinSxS\amd64_microsoft.windows.common-controls_6595b64144ccf1df_6.0.7601.17514_none_fa396087175ac9ac\comctl32.dll
0x000007fefd7e0000 - 0x000007fefd9b7000 	C:\Windows\system32\SETUPAPI.dll
0x000007fefd420000 - 0x000007fefd456000 	C:\Windows\system32\CFGMGR32.dll
0x000007fefd5e0000 - 0x000007fefd5fa000 	C:\Windows\system32\DEVOBJ.dll
0x000007fefdd80000 - 0x000007fefde19000 	C:\Windows\system32\CLBCatQ.DLL
0x000007fefbc00000 - 0x000007fefbd2c000 	C:\Windows\system32\propsys.dll
0x000007fefc420000 - 0x000007fefc44d000 	C:\Windows\system32\ntmarta.dll

VM Arguments:
jvm_args: -Xss512k -XX:PermSize=32m -Xms64m -XX:NewRatio=3 -XX:MaxPermSize=128m -Xmx196m -XX:MaxDirectMemorySize=2147400000 -Dsun.java2d.noddraw=true -Dsun.awt.nopixfmt=true -Xshare:off -Xrs -Dsun.awt.disableMixing=true -Djava.library.path=C:\Program Files\MATLAB\R2012b\bin\win64;C:\Program Files\MATLAB\R2012b\sys\jxbrowser\win64\lib vfprintf abort 
java_command: <unknown>
Launcher Type: generic

Environment Variables:
PATH=C:\OpenSim 3.0\bin;C:\Program Files (x86)\AMD APP\bin\x86_64;C:\Program Files (x86)\AMD APP\bin\x86;C:\Windows\system32;C:\Windows;C:\Windows\System32\Wbem;C:\Windows\System32\WindowsPowerShell\v1.0\;C:\Program Files\TortoiseSVN\bin;C:\Users\MillerDell\AppData\Local\Smartbar\Application\;C:\Program Files\MATLAB\R2012b\runtime\win64;C:\Program Files\MATLAB\R2012b\bin;C:\Program Files\MATLAB\R2012a\runtime\win64;C:\Program Files\MATLAB\R2012a\bin;C:\Users\MillerDell\AppData\Local\Smartbar\Application\;c:\Program Files (x86)\Microsoft SQL Server\90\Tools\binn\;C:\Program Files (x86)\Git\cmd
USERNAME=Raeed
OS=Windows_NT
PROCESSOR_IDENTIFIER=Intel64 Family 6 Model 42 Stepping 7, GenuineIntel



---------------  S Y S T E M  ---------------

OS: Windows 7 Build 7601 Service Pack 1

CPU:total 4 (8 cores per cpu, 2 threads per core) family 6 model 42 stepping 7, cmov, cx8, fxsr, mmx, sse, sse2, sse3, ssse3, sse4.1, sse4.2, ht

Memory: 4k page, physical 4072380k(805696k free), swap 10695576k(1714884k free)

vm_info: Java HotSpot(TM) 64-Bit Server VM (14.3-b01) for windows-amd64 JRE (1.6.0_17-b04), built on Oct 11 2009 00:46:08 by "java_re" with MS VC++ 8.0

time: Tue Jun 24 14:19:59 2014
elapsed time: 517545 seconds

