#
# A fatal error has been detected by the Java Runtime Environment:
#
#  EXCEPTION_ACCESS_VIOLATION (0xc0000005) at pc=0x000000007322c750, pid=844, tid=5416
#
# JRE version: 6.0_17-b04
# Java VM: Java HotSpot(TM) 64-Bit Server VM (14.3-b01 mixed mode windows-amd64 )
# Problematic frame:
# C  0x000000007322c750
#
# If you would like to submit a bug report, please visit:
#   http://java.sun.com/webapps/bugreport/crash.jsp
# The crash happened outside the Java Virtual Machine in native code.
# See problematic frame for where to report the bug.
#

---------------  T H R E A D  ---------------

Current thread (0x000000000f3bd800):  JavaThread "AWT-EventQueue-0" [_thread_in_native, id=5416, stack(0x0000000018ea0000,0x0000000018f20000)]

siginfo: ExceptionCode=0xc0000005, reading address 0x0000000000000008

Registers:
EAX=0x000000000000000d, EBX=0x000000000f3bd9b8, ECX=0x0000000000000000, EDX=0xffffffffce011b64
ESP=0x0000000018f1dc88, EBP=0x000000000f50ab00, ESI=0x000000000f3bd9b8, EDI=0x000000002d759c80
EIP=0x000000007322c750, EFLAGS=0x0000000000010202

Top of Stack: (sp=0x0000000018f1dc88)
0x0000000018f1dc88:   00000000731d589c 0000000000000000
0x0000000018f1dc98:   000000000f3bd9b8 000000000f50ab00
0x0000000018f1dca8:   000000000f3bd9b8 4033000000000000
0x0000000018f1dcb8:   000000000f3bd9b8 0000000018f1ec70
0x0000000018f1dcc8:   00000000731b3810 000000000f3bd9b8
0x0000000018f1dcd8:   0000000018f1e3a0 0000000018f1e418
0x0000000018f1dce8:   000000000f50ab00 0000000080920ba1
0x0000000018f1dcf8:   00000000731d2151 00000000809217c8
0x0000000018f1dd08:   0000000018f1e410 0000000000000000
0x0000000018f1dd18:   0000000018f1e418 0000000018f1dd38
0x0000000018f1dd28:   0000000018f1ddb0 0000000045c55f9c
0x0000000018f1dd38:   4033000000000000 000000008813e148
0x0000000018f1dd48:   4040000000000000 000000008044b338
0x0000000018f1dd58:   000000008ac28378 0000000091476368
0x0000000018f1dd68:   0000000088003db0 0000000018f1dd70
0x0000000018f1dd78:   00000000808fc404 00000000880dda08 

Instructions: (pc=0x000000007322c750)
0x000000007322c740:   48 8b 41 08 48 8b 80 18 0c 00 00 c3 cc cc cc cc
0x000000007322c750:   48 8b 49 08 48 85 c9 74 05 e9 72 f6 fd ff 33 c0 


Stack: [0x0000000018ea0000,0x0000000018f20000],  sp=0x0000000018f1dc88,  free space=503k
Native frames: (J=compiled Java code, j=interpreted, Vv=VM code, C=native code)
C  0x000000007322c750

Java frames: (J=compiled Java code, j=interpreted, Vv=VM code)
j  sun.java2d.windows.GDIBlitLoops.nativeBlit(Lsun/java2d/SurfaceData;Lsun/java2d/SurfaceData;Lsun/java2d/pipe/Region;IIIIIIIIIZ)V+0
j  sun.java2d.windows.GDIBlitLoops.Blit(Lsun/java2d/SurfaceData;Lsun/java2d/SurfaceData;Ljava/awt/Composite;Lsun/java2d/pipe/Region;IIIIII)V+33
j  sun.java2d.pipe.DrawImage.blitSurfaceData(Lsun/java2d/SunGraphics2D;Lsun/java2d/pipe/Region;Lsun/java2d/SurfaceData;Lsun/java2d/SurfaceData;Lsun/java2d/loops/SurfaceType;Lsun/java2d/loops/SurfaceType;IIIIIILjava/awt/Color;)V+97
j  sun.java2d.pipe.DrawImage.renderImageCopy(Lsun/java2d/SunGraphics2D;Ljava/awt/Image;Ljava/awt/Color;IIIIII)Z+75
j  sun.java2d.pipe.DrawImage.copyImage(Lsun/java2d/SunGraphics2D;Ljava/awt/Image;IIIIIILjava/awt/Color;)Z+33
j  sun.java2d.pipe.DrawImage.copyImage(Lsun/java2d/SunGraphics2D;Ljava/awt/Image;IIIIIILjava/awt/Color;Ljava/awt/image/ImageObserver;)Z+23
j  sun.java2d.pipe.ValidatePipe.copyImage(Lsun/java2d/SunGraphics2D;Ljava/awt/Image;IIIIIILjava/awt/Color;Ljava/awt/image/ImageObserver;)Z+29
j  sun.java2d.SunGraphics2D.copyImage(Ljava/awt/Image;IIIIIILjava/awt/Color;Ljava/awt/image/ImageObserver;)Z+20
j  sun.java2d.SunGraphics2D.drawImage(Ljava/awt/Image;IIIIIIIILjava/awt/Color;Ljava/awt/image/ImageObserver;)Z+154
j  sun.java2d.SunGraphics2D.drawImage(Ljava/awt/Image;IIIIIIIILjava/awt/image/ImageObserver;)Z+19
j  java.awt.Component$BltBufferStrategy.showSubRegion(IIII)V+117
j  java.awt.Component$BltSubRegionBufferStrategy.show(IIII)V+6
j  javax.swing.BufferStrategyPaintManager.flushAccumulatedRegion()Z+48
j  javax.swing.BufferStrategyPaintManager.endPaint()V+84
j  javax.swing.RepaintManager.endPaint()V+47
j  javax.swing.JComponent.paint(Ljava/awt/Graphics;)V+230
j  java.awt.GraphicsCallback$PaintCallback.run(Ljava/awt/Component;Ljava/awt/Graphics;)V+2
j  sun.awt.SunGraphicsCallback.runOneComponent(Ljava/awt/Component;Ljava/awt/Rectangle;Ljava/awt/Graphics;Ljava/awt/Shape;I)V+155
j  sun.awt.SunGraphicsCallback.runComponents([Ljava/awt/Component;Ljava/awt/Graphics;I)V+104
j  java.awt.Container.paint(Ljava/awt/Graphics;)V+73
J  javax.swing.RepaintManager.paintDirtyRegions(Ljava/util/Map;)V
j  javax.swing.RepaintManager.paintDirtyRegions()V+46
j  javax.swing.RepaintManager.seqPaintDirtyRegions()V+73
j  javax.swing.SystemEventQueueUtilities$ComponentWorkRequest.run()V+36
J  java.awt.event.InvocationEvent.dispatch()V
J  java.awt.EventDispatchThread.pumpOneEventForFilters(I)Z
J  java.awt.EventDispatchThread.pumpEventsForFilter(ILjava/awt/Conditional;Ljava/awt/EventFilter;)V
j  java.awt.EventDispatchThread.pumpEventsForHierarchy(ILjava/awt/Conditional;Ljava/awt/Component;)V+11
j  java.awt.EventDispatchThread.pumpEvents(ILjava/awt/Conditional;)V+4
j  java.awt.EventDispatchThread.pumpEvents(Ljava/awt/Conditional;)V+3
j  java.awt.EventDispatchThread.run()V+9
v  ~StubRoutines::call_stub

---------------  P R O C E S S  ---------------

Java Threads: ( => current thread )
  0x0000000019b83800 JavaThread "Image Fetcher 0" daemon [_thread_blocked, id=352, stack(0x0000000017a80000,0x0000000017b00000)]
  0x0000000019b83000 JavaThread "Code Analyzer updating thread" [_thread_blocked, id=6108, stack(0x0000000015950000,0x00000000159d0000)]
  0x000000000f4e6000 JavaThread "Code Analyzer updating thread" [_thread_blocked, id=6416, stack(0x0000000016120000,0x00000000161a0000)]
  0x000000000f4dc000 JavaThread "Code Analyzer updating thread" [_thread_blocked, id=5352, stack(0x0000000023600000,0x0000000023680000)]
  0x000000000f4e5000 JavaThread "Explorer NavigationContext request queue" [_thread_blocked, id=5668, stack(0x0000000018cd0000,0x0000000018d50000)]
  0x000000000f4e4000 JavaThread "Timer-45" [_thread_blocked, id=3572, stack(0x0000000017b30000,0x0000000017bb0000)]
  0x000000000f4de000 JavaThread "pool-7-thread-1" [_thread_blocked, id=5564, stack(0x00000000161b0000,0x0000000016230000)]
  0x000000000f4e2800 JavaThread "Swing-Shell" daemon [_thread_blocked, id=2492, stack(0x0000000016090000,0x0000000016110000)]
  0x000000000f4e4800 JavaThread "pool-1-thread-1" [_thread_blocked, id=2300, stack(0x0000000015ee0000,0x0000000015f60000)]
  0x000000000f4da800 JavaThread "Foxtrot Single Worker Thread #1" daemon [_thread_blocked, id=5912, stack(0x0000000015b00000,0x0000000015b80000)]
  0x000000000f4e7800 JavaThread "Prefs Updater" daemon [_thread_blocked, id=5560, stack(0x00000000157c0000,0x0000000015840000)]
  0x000000000f4e1800 JavaThread "Active Reference Queue Daemon" daemon [_thread_blocked, id=5116, stack(0x00000000287e0000,0x0000000028860000)]
  0x000000000f4e0000 JavaThread "Timer-5" daemon [_thread_blocked, id=4836, stack(0x0000000028ae0000,0x0000000028b60000)]
  0x000000000f4e1000 JavaThread "Timer-4" daemon [_thread_blocked, id=1304, stack(0x00000000289c0000,0x0000000028a40000)]
  0x000000000f4dd800 JavaThread "AddressBar directory emptiness poller" [_thread_blocked, id=5496, stack(0x0000000028610000,0x0000000028690000)]
  0x000000000f4dc800 JavaThread "Explorer Refresh Service 1656301910" [_thread_blocked, id=5812, stack(0x00000000210e0000,0x0000000021160000)]
  0x000000000f4db000 JavaThread "Timer-1" daemon [_thread_blocked, id=4108, stack(0x000000001cf70000,0x000000001cff0000)]
  0x000000000f4d9000 JavaThread "TimerQueue" daemon [_thread_blocked, id=4664, stack(0x0000000018fb0000,0x0000000019030000)]
  0x000000000f4d8000 JavaThread "Thread-5" daemon [_thread_blocked, id=4928, stack(0x000000001d030000,0x000000001d0b0000)]
=>0x000000000f3bd800 JavaThread "AWT-EventQueue-0" [_thread_in_native, id=5416, stack(0x0000000018ea0000,0x0000000018f20000)]
  0x000000000fa39000 JavaThread "AWT-Shutdown" [_thread_blocked, id=6136, stack(0x00000000357a0000,0x0000000035820000)]
  0x000000000f2e2000 JavaThread "FelixPackageAdmin" daemon [_thread_blocked, id=4960, stack(0x000000002d4e0000,0x000000002d560000)]
  0x000000000f364800 JavaThread "FelixStartLevel" daemon [_thread_blocked, id=5376, stack(0x000000000e160000,0x000000000e1e0000)]
  0x000000000f2e4000 JavaThread "FelixDispatchQueue" daemon [_thread_blocked, id=5348, stack(0x000000000ce80000,0x000000000cf00000)]
  0x000000000e4eb800 JavaThread "com.google.common.base.internal.Finalizer" daemon [_thread_blocked, id=5368, stack(0x000000002d5b0000,0x000000002d630000)]
  0x000000000e43c000 JavaThread "AWT-Windows" daemon [_thread_in_native, id=2808, stack(0x0000000021160000,0x00000000211e0000)]
  0x000000000f25c800 JavaThread "Java2D Disposer" daemon [_thread_blocked, id=1132, stack(0x0000000018f30000,0x0000000018fb0000)]
  0x000000000ef5c000 JavaThread "Timer-0" [_thread_blocked, id=5404, stack(0x000000000e2e0000,0x000000000e360000)]
  0x000000000ee5b800 JavaThread "EventMgr Dispatcher" daemon [_thread_in_native, id=1328, stack(0x0000000008880000,0x000000000c880000)]
  0x000000000df73000 JavaThread "Low Memory Detector" daemon [_thread_blocked, id=6084, stack(0x000000000e370000,0x000000000e3f0000)]
  0x000000000df6b800 JavaThread "CompilerThread1" daemon [_thread_blocked, id=3412, stack(0x00000000944b0000,0x00000000984b0000)]
  0x000000000df64000 JavaThread "CompilerThread0" daemon [_thread_blocked, id=3804, stack(0x000000006afa0000,0x000000006efa0000)]
  0x000000000df63000 JavaThread "Attach Listener" daemon [_thread_blocked, id=3652, stack(0x000000000e210000,0x000000000e290000)]
  0x000000000df09800 JavaThread "Finalizer" daemon [_thread_blocked, id=5608, stack(0x000000000e0c0000,0x000000000e140000)]
  0x000000000df08800 JavaThread "Reference Handler" daemon [_thread_blocked, id=3164, stack(0x000000000d430000,0x000000000d4b0000)]
  0x0000000005ae7800 JavaThread "main" [_thread_in_native, id=2984, stack(0x00000000000d0000,0x00000000040d0000)]

Other Threads:
  0x000000000df05800 VMThread [stack: 0x00000000634d0000,0x00000000674d0000] [id=4008]
  0x000000000df9e800 WatcherThread [stack: 0x00000000985f0000,0x000000009c5f0000] [id=784]

VM state:not at safepoint (normal execution)

VM Mutex/Monitor currently owned by a thread: None

Heap
 PSYoungGen      total 16128K, used 1701K [0x0000000091300000, 0x0000000092490000, 0x0000000094400000)
  eden space 15872K, 9% used [0x0000000091300000,0x0000000091479620,0x0000000092280000)
  from space 256K, 75% used [0x0000000092280000,0x00000000922b0000,0x00000000922c0000)
  to   space 256K, 0% used [0x0000000092450000,0x0000000092450000,0x0000000092490000)
 PSOldGen        total 150528K, used 102629K [0x0000000088000000, 0x0000000091300000, 0x0000000091300000)
  object space 150528K, 68% used [0x0000000088000000,0x000000008e4396f0,0x0000000091300000)
 PSPermGen       total 112640K, used 70440K [0x0000000080000000, 0x0000000086e00000, 0x0000000088000000)
  object space 112640K, 62% used [0x0000000080000000,0x00000000844ca1f0,0x0000000086e00000)

Dynamic libraries:
0x000000013ff20000 - 0x000000013ff4d000 	C:\Program Files\MATLAB\R2012b\bin\win64\MATLAB.exe
0x00000000771e0000 - 0x0000000077389000 	C:\Windows\SYSTEM32\ntdll.dll
0x00000000770c0000 - 0x00000000771df000 	C:\Windows\system32\kernel32.dll
0x000007fefd330000 - 0x000007fefd39c000 	C:\Windows\system32\KERNELBASE.dll
0x0000000074460000 - 0x000000007451f000 	C:\Program Files\MATLAB\R2012b\bin\win64\libut.dll
0x00000000758a0000 - 0x000000007595c000 	C:\Program Files\MATLAB\R2012b\bin\win64\libmwi18n.dll
0x0000000180000000 - 0x000000018000b000 	C:\Program Files\MATLAB\R2012b\bin\win64\libmwresource_core.dll
0x0000000070a80000 - 0x0000000070b53000 	C:\Windows\WinSxS\amd64_microsoft.vc90.crt_1fc8b3b9a1e18e3b_9.0.30729.6161_none_08e61857a83bc251\MSVCP90.dll
0x00000000729c0000 - 0x0000000072a63000 	C:\Windows\WinSxS\amd64_microsoft.vc90.crt_1fc8b3b9a1e18e3b_9.0.30729.6161_none_08e61857a83bc251\MSVCR90.dll
0x000000007a170000 - 0x000000007a19c000 	C:\Program Files\MATLAB\R2012b\bin\win64\boost_filesystem-vc90-mt-1_44.dll
0x000000007a560000 - 0x000000007a569000 	C:\Program Files\MATLAB\R2012b\bin\win64\boost_system-vc90-mt-1_44.dll
0x000007fefe930000 - 0x000007fefea0b000 	C:\Windows\system32\ADVAPI32.dll
0x000007fefd770000 - 0x000007fefd80f000 	C:\Windows\system32\msvcrt.dll
0x000007fefea10000 - 0x000007fefea2f000 	C:\Windows\SYSTEM32\sechost.dll
0x000007fefe670000 - 0x000007fefe79d000 	C:\Windows\system32\RPCRT4.dll
0x000000007a010000 - 0x000000007a035000 	C:\Program Files\MATLAB\R2012b\bin\win64\LIBEXPAT.dll
0x000000005f180000 - 0x000000005f371000 	C:\Program Files\MATLAB\R2012b\bin\win64\icuin44.dll
0x000000005f400000 - 0x000000005f571000 	C:\Program Files\MATLAB\R2012b\bin\win64\icuuc44.dll
0x0000000010000000 - 0x0000000010e41000 	C:\Program Files\MATLAB\R2012b\bin\win64\icudt44.dll
0x0000000073f70000 - 0x000000007411d000 	C:\Program Files\MATLAB\R2012b\bin\win64\libmwfl.dll
0x0000000004270000 - 0x0000000004626000 	C:\Program Files\MATLAB\R2012b\bin\win64\libmwMATLAB_res.dll
0x000000007a3b0000 - 0x000000007a3c0000 	C:\Program Files\MATLAB\R2012b\bin\win64\boost_date_time-vc90-mt-1_44.dll
0x000000007a250000 - 0x000000007a263000 	C:\Program Files\MATLAB\R2012b\bin\win64\boost_signals-vc90-mt-1_44.dll
0x000000007a2d0000 - 0x000000007a2e2000 	C:\Program Files\MATLAB\R2012b\bin\win64\boost_thread-vc90-mt-1_44.dll
0x0000000004650000 - 0x000000000470d000 	C:\Program Files\MATLAB\R2012b\bin\win64\boost_log-vc90-mt-1_44.dll
0x00000000773b0000 - 0x00000000773b7000 	C:\Windows\system32\PSAPI.DLL
0x000007feff0d0000 - 0x000007feff11d000 	C:\Windows\system32\WS2_32.dll
0x000007fefe7a0000 - 0x000007fefe7a8000 	C:\Windows\system32\NSI.dll
0x0000000004720000 - 0x0000000004766000 	C:\Program Files\MATLAB\R2012b\bin\win64\tbb.dll
0x000007fefd3d0000 - 0x000007fefd3e9000 	C:\Windows\system32\imagehlp.dll
0x0000000071410000 - 0x0000000071423000 	C:\Program Files\MATLAB\R2012b\bin\win64\icuio44.dll
0x000007fefa310000 - 0x000007fefa435000 	C:\Windows\system32\dbghelp.dll
0x0000000076fc0000 - 0x00000000770ba000 	C:\Windows\system32\USER32.dll
0x000007fefd3f0000 - 0x000007fefd457000 	C:\Windows\system32\GDI32.dll
0x000007feff4e0000 - 0x000007feff4ee000 	C:\Windows\system32\LPK.dll
0x000007feff230000 - 0x000007feff2f9000 	C:\Windows\system32\USP10.dll
0x0000000004790000 - 0x0000000004a6c000 	C:\Program Files\MATLAB\R2012b\bin\win64\libmwservices.dll
0x0000000075a20000 - 0x0000000075af3000 	C:\Program Files\MATLAB\R2012b\bin\win64\libmx.dll
0x0000000004a90000 - 0x0000000004ab9000 	C:\Program Files\MATLAB\R2012b\bin\win64\tbbmalloc.dll
0x000000007a210000 - 0x000000007a228000 	C:\Program Files\MATLAB\R2012b\bin\win64\zlib1.dll
0x0000000004ae0000 - 0x0000000004b2d000 	C:\Program Files\MATLAB\R2012b\bin\win64\libmwregexp.dll
0x0000000004b40000 - 0x0000000004b63000 	C:\Program Files\MATLAB\R2012b\bin\win64\libmwmfl_scalar.dll
0x0000000075f10000 - 0x0000000075f60000 	C:\Program Files\MATLAB\R2012b\bin\win64\mpath.dll
0x000000007b680000 - 0x000000007bc9a000 	C:\Program Files\MATLAB\R2012b\bin\win64\mlutil.dll
0x00000000754d0000 - 0x0000000075551000 	C:\Program Files\MATLAB\R2012b\bin\win64\xmlcore.dll
0x0000000004bb0000 - 0x0000000004e03000 	C:\Program Files\MATLAB\R2012b\bin\win64\xerces-c_2_7.dll
0x0000000004e20000 - 0x0000000004e40000 	C:\Program Files\MATLAB\R2012b\bin\win64\libmwMATLAB_settings_res.dll
0x0000000004e50000 - 0x0000000004e60000 	C:\Program Files\MATLAB\R2012b\bin\win64\boost_iostreams-vc90-mt-1_44.dll
0x0000000004e70000 - 0x0000000004eb7000 	C:\Program Files\MATLAB\R2012b\bin\win64\boost_serialization-vc90-mt-1_44.dll
0x000007fefd8b0000 - 0x000007fefe638000 	C:\Windows\system32\SHELL32.dll
0x000007feff300000 - 0x000007feff371000 	C:\Windows\system32\SHLWAPI.dll
0x000007fef57a0000 - 0x000007fef5840000 	C:\Windows\WinSxS\amd64_microsoft.windows.common-controls_6595b64144ccf1df_5.82.7601.18201_none_a4d3b9377117c3df\COMCTL32.dll
0x000007fefe7b0000 - 0x000007fefe847000 	C:\Windows\system32\COMDLG32.dll
0x000007fef9bb0000 - 0x000007fef9bc6000 	C:\Windows\system32\NETAPI32.dll
0x000007fef9ba0000 - 0x000007fef9bac000 	C:\Windows\system32\netutils.dll
0x000007fefcd20000 - 0x000007fefcd43000 	C:\Windows\system32\srvcli.dll
0x000007fef9b80000 - 0x000007fef9b95000 	C:\Windows\system32\wkscli.dll
0x000007fefec10000 - 0x000007fefee13000 	C:\Windows\system32\ole32.dll
0x000007fefe850000 - 0x000007fefe927000 	C:\Windows\system32\OLEAUT32.dll
0x0000000074970000 - 0x0000000074a31000 	C:\Program Files\MATLAB\R2012b\bin\win64\mcr.dll
0x0000000075000000 - 0x00000000753e9000 	C:\Program Files\MATLAB\R2012b\bin\win64\iqm.dll
0x0000000074e80000 - 0x0000000074f38000 	C:\Program Files\MATLAB\R2012b\bin\win64\m_dispatcher.dll
0x0000000074880000 - 0x000000007496d000 	C:\Program Files\MATLAB\R2012b\bin\win64\boost_regex-vc90-mt-1_44.dll
0x000007fee4070000 - 0x000007fee48e1000 	C:\Program Files\MATLAB\R2012b\bin\win64\m_interpreter.dll
0x0000000069410000 - 0x0000000069437000 	C:\Program Files\MATLAB\R2012b\bin\win64\libmex.dll
0x00000000629d0000 - 0x0000000062a54000 	C:\Program Files\MATLAB\R2012b\bin\win64\profiler.dll
0x0000000004f40000 - 0x00000000051aa000 	C:\Program Files\MATLAB\R2012b\bin\win64\libmwmathutil.dll
0x0000000079f40000 - 0x0000000079f6e000 	C:\Program Files\MATLAB\R2012b\bin\win64\libmwmathrng.dll
0x00000000051d0000 - 0x00000000051e2000 	C:\Program Files\MATLAB\R2012b\bin\win64\libmwmfl_rng.dll
0x0000000074c10000 - 0x0000000074cee000 	C:\Program Files\MATLAB\R2012b\bin\win64\libmwmathcore.dll
0x0000000076160000 - 0x00000000761ca000 	C:\Program Files\MATLAB\R2012b\bin\win64\libmwspmatrix.dll
0x0000000075ea0000 - 0x0000000075f02000 	C:\Program Files\MATLAB\R2012b\bin\win64\libmwcholmod.dll
0x000000007a460000 - 0x000000007a46d000 	C:\Program Files\MATLAB\R2012b\bin\win64\libmwamd.dll
0x000000007a4b0000 - 0x000000007a4bc000 	C:\Program Files\MATLAB\R2012b\bin\win64\libmwcolamd.dll
0x000000007a290000 - 0x000000007a2a9000 	C:\Program Files\MATLAB\R2012b\bin\win64\libmwblas.dll
0x000000007a310000 - 0x000000007a321000 	C:\Program Files\MATLAB\R2012b\bin\win64\libmwbinder.dll
0x000000007a4d0000 - 0x000000007a4dc000 	C:\Program Files\MATLAB\R2012b\bin\win64\libmwompwrapper.dll
0x0000000005280000 - 0x0000000005305000 	C:\Program Files\MATLAB\R2012b\bin\win64\libmwlapack.dll
0x0000000063410000 - 0x0000000063431000 	C:\Program Files\MATLAB\R2012b\bin\win64\m_pcodeio.dll
0x0000000079b10000 - 0x0000000079b77000 	C:\Program Files\MATLAB\R2012b\bin\win64\m_ir.dll
0x000000005ac50000 - 0x000000005b2c0000 	C:\Program Files\MATLAB\R2012b\bin\win64\m_parser.dll
0x0000000071590000 - 0x00000000715aa000 	C:\Program Files\MATLAB\R2012b\bin\win64\ir_xfmr.dll
0x000007fee3dd0000 - 0x000007fee4066000 	C:\Program Files\MATLAB\R2012b\bin\win64\mcos.dll
0x0000000070b80000 - 0x0000000070b91000 	C:\Program Files\MATLAB\R2012b\bin\win64\mtok.dll
0x00000000633d0000 - 0x0000000063401000 	C:\Program Files\MATLAB\R2012b\bin\win64\m_pcodegen.dll
0x0000000079fb0000 - 0x0000000079fe6000 	C:\Program Files\MATLAB\R2012b\bin\win64\libmwbridge.dll
0x0000000062130000 - 0x00000000621f8000 	C:\Program Files\MATLAB\R2012b\bin\win64\udd.dll
0x000000005f020000 - 0x000000005f172000 	C:\Program Files\MATLAB\R2012b\bin\win64\libmwgui.dll
0x0000000069620000 - 0x0000000069637000 	C:\Program Files\MATLAB\R2012b\bin\win64\graphics_util.dll
0x000000005a1f0000 - 0x000000005ac4f000 	C:\Program Files\MATLAB\R2012b\bin\win64\hg.dll
0x00000000053e0000 - 0x0000000005448000 	C:\Program Files\MATLAB\R2012b\bin\win64\libmat.dll
0x0000000072d30000 - 0x0000000072f44000 	C:\Program Files\MATLAB\R2012b\bin\win64\hdf5dll.dll
0x0000000075710000 - 0x00000000757de000 	C:\Program Files\MATLAB\R2012b\bin\win64\jmi.dll
0x0000000005480000 - 0x000000000548d000 	C:\Program Files\MATLAB\R2012b\bin\win64\nativejava_services.dll
0x0000000062e00000 - 0x0000000062e46000 	C:\Program Files\MATLAB\R2012b\bin\win64\libmwhardcopy.dll
0x00000000620c0000 - 0x0000000062123000 	C:\Program Files\MATLAB\R2012b\bin\win64\libuij.dll
0x000000005edb0000 - 0x000000005f014000 	C:\Program Files\MATLAB\R2012b\bin\win64\hgdatatypes.dll
0x00000000600d0000 - 0x00000000601ef000 	C:\Program Files\MATLAB\R2012b\bin\win64\hgutils.dll
0x000000005a130000 - 0x000000005a1f0000 	C:\Program Files\MATLAB\R2012b\bin\win64\udd_mi.dll
0x00000000054f0000 - 0x000000000552b000 	C:\Program Files\MATLAB\R2012b\bin\win64\libmwgbtutils.dll
0x0000000005540000 - 0x000000000555b000 	C:\Program Files\MATLAB\R2012b\bin\win64\libmwgbt.dll
0x0000000005570000 - 0x0000000005841000 	C:\Program Files\MATLAB\R2012b\bin\win64\uiw.dll
0x00000000714b0000 - 0x00000000714bf000 	C:\Program Files\MATLAB\R2012b\bin\win64\uinone.dll
0x0000000005870000 - 0x0000000005899000 	C:\Program Files\MATLAB\R2012b\bin\win64\libmwnativefiledialogs.dll
0x00000000058b0000 - 0x00000000058b8000 	C:\Program Files\MATLAB\R2012b\bin\win64\libmwplatform_res.dll
0x000007fef99f0000 - 0x000007fef9a08000 	C:\Windows\system32\MPR.dll
0x0000000059c40000 - 0x000000005a124000 	C:\Windows\WinSxS\amd64_microsoft.vc90.mfc_1fc8b3b9a1e18e3b_9.0.30729.6161_none_044aad0bab1eb146\mfc90.dll
0x000007fef5c80000 - 0x000007fef5c87000 	C:\Windows\system32\MSIMG32.dll
0x000007fef6630000 - 0x000007fef66a1000 	C:\Windows\system32\WINSPOOL.DRV
0x00000000629a0000 - 0x00000000629c2000 	C:\Program Files\MATLAB\R2012b\bin\win64\mwoles05.DLL
0x0000000061e40000 - 0x0000000061ebd000 	C:\Program Files\MATLAB\R2012b\bin\win64\comcli.dll
0x000000006add0000 - 0x000000006adff000 	C:\Windows\WinSxS\amd64_microsoft.vc90.atl_1fc8b3b9a1e18e3b_9.0.30729.6161_none_0a1fd3a3a768b895\ATL90.DLL
0x0000000071400000 - 0x000000007140c000 	C:\Program Files\MATLAB\R2012b\bin\win64\mlautoregister.dll
0x000007fefe640000 - 0x000007fefe66e000 	C:\Windows\system32\IMM32.DLL
0x000007feff120000 - 0x000007feff229000 	C:\Windows\system32\MSCTF.dll
0x000007fefb770000 - 0x000007fefb7c6000 	C:\Windows\system32\UxTheme.dll
0x000007fefaf90000 - 0x000007fefafa8000 	C:\Windows\system32\dwmapi.dll
0x0000000069400000 - 0x000000006940d000 	C:\Windows\WinSxS\amd64_microsoft.vc90.mfcloc_1fc8b3b9a1e18e3b_9.0.30729.6161_none_01c9581e60cbee58\MFC90ENU.DLL
0x000007fefd020000 - 0x000007fefd02f000 	C:\Windows\system32\profapi.dll
0x0000000005960000 - 0x000000000596f000 	C:\Program Files\MATLAB\R2012b\bin\win64\xmlxrcsc.dll
0x000007fefceb0000 - 0x000007fefcebf000 	C:\Windows\system32\CRYPTBASE.dll
0x000007fefb950000 - 0x000007fefbb44000 	C:\Windows\WinSxS\amd64_microsoft.windows.common-controls_6595b64144ccf1df_6.0.7601.17514_none_fa396087175ac9ac\comctl32.dll
0x000007fefea30000 - 0x000007fefec07000 	C:\Windows\system32\SETUPAPI.dll
0x000007fefd090000 - 0x000007fefd0c6000 	C:\Windows\system32\CFGMGR32.dll
0x000007fefd3a0000 - 0x000007fefd3ba000 	C:\Windows\system32\DEVOBJ.dll
0x000007fefd810000 - 0x000007fefd8a9000 	C:\Windows\system32\CLBCatQ.DLL
0x000007fefb7d0000 - 0x000007fefb8fc000 	C:\Windows\system32\propsys.dll
0x000007fefbe40000 - 0x000007fefbe6d000 	C:\Windows\system32\ntmarta.dll

VM Arguments:
jvm_args: -Xss512k -XX:PermSize=32m -Xms64m -XX:NewRatio=3 -XX:MaxPermSize=128m -Xmx196m -XX:MaxDirectMemorySize=2147400000 -Dsun.java2d.noddraw=true -Dsun.awt.nopixfmt=true -Xshare:off -Xrs -Dsun.awt.disableMixing=true -Djava.library.path=C:\Program Files\MATLAB\R2012b\bin\win64;C:\Program Files\MATLAB\R2012b\sys\jxbrowser\win64\lib vfprintf abort 
java_command: <unknown>
Launcher Type: generic

Environment Variables:
PATH=C:\OpenSim 3.0\bin;C:\Program Files (x86)\AMD APP\bin\x86_64;C:\Program Files (x86)\AMD APP\bin\x86;C:\Windows\system32;C:\Windows;C:\Windows\System32\Wbem;C:\Windows\System32\WindowsPowerShell\v1.0\;C:\Program Files\TortoiseSVN\bin;C:\Users\MillerDell\AppData\Local\Smartbar\Application\;C:\Program Files\MATLAB\R2012b\runtime\win64;C:\Program Files\MATLAB\R2012b\bin;C:\Program Files\MATLAB\R2012a\runtime\win64;C:\Program Files\MATLAB\R2012a\bin;C:\Users\MillerDell\AppData\Local\Smartbar\Application\;c:\Program Files (x86)\Microsoft SQL Server\90\Tools\binn\;C:\Program Files (x86)\Git\cmd
USERNAME=Raeed
OS=Windows_NT
PROCESSOR_IDENTIFIER=Intel64 Family 6 Model 42 Stepping 7, GenuineIntel



---------------  S Y S T E M  ---------------

OS: Windows 7 Build 7601 Service Pack 1

CPU:total 4 (8 cores per cpu, 2 threads per core) family 6 model 42 stepping 7, cmov, cx8, fxsr, mmx, sse, sse2, sse3, ssse3, sse4.1, sse4.2, ht

Memory: 4k page, physical 4072380k(1244088k free), swap 8292920k(1634332k free)

vm_info: Java HotSpot(TM) 64-Bit Server VM (14.3-b01) for windows-amd64 JRE (1.6.0_17-b04), built on Oct 11 2009 00:46:08 by "java_re" with MS VC++ 8.0

time: Tue Aug 19 12:18:47 2014
elapsed time: 506106 seconds

